2013-07-14 22:03:06,954 ERROR [main] - org.scala-ide.sdt.core - org.scala-ide.sdt.core - org.scala-ide.sdt.core - 0 - Error during askOption
scala.reflect.internal.FatalError: Unknown type: <error>, <error> [class scala.reflect.internal.Types$ErrorType$, class scala.reflect.internal.Types$ErrorType$] TypeRef? false
	at scala.reflect.internal.SymbolTable.abort(SymbolTable.scala:49)
	at scala.tools.nsc.Global.abort(Global.scala:253)
	at scala.tools.nsc.backend.icode.TypeKinds$class.toTypeKind(TypeKinds.scala:397)
	at scala.tools.nsc.backend.icode.ICodes.toTypeKind(ICodes.scala:20)
	at scala.tools.nsc.backend.icode.TypeKinds$class.scala$tools$nsc$backend$icode$TypeKinds$$arrayOrClassType(TypeKinds.scala:406)
	at scala.tools.nsc.backend.icode.TypeKinds$$anonfun$primitiveOrClassType$1.apply(TypeKinds.scala:433)
	at scala.tools.nsc.backend.icode.TypeKinds$$anonfun$primitiveOrClassType$1.apply(TypeKinds.scala:433)
	at scala.collection.MapLike$class.getOrElse(MapLike.scala:128)
	at scala.collection.AbstractMap.getOrElse(Map.scala:58)
	at scala.tools.nsc.backend.icode.TypeKinds$class.primitiveOrClassType(TypeKinds.scala:433)
	at scala.tools.nsc.backend.icode.TypeKinds$class.toTypeKind(TypeKinds.scala:383)
	at scala.tools.nsc.backend.icode.ICodes.toTypeKind(ICodes.scala:20)
	at scala.tools.nsc.backend.jvm.GenJVMUtil$BytecodeUtil$class.javaType(GenJVMUtil.scala:100)
	at scala.tools.eclipse.JVMUtils$$anon$1.javaType(JVMUtils.scala:15)
	at scala.tools.eclipse.JVMUtils$class.javaType(JVMUtils.scala:38)
	at scala.tools.eclipse.ScalaPresentationCompiler.javaType(ScalaPresentationCompiler.scala:36)
	at scala.tools.eclipse.javaelements.ScalaJavaMapper$class.mapParamTypeSignature(ScalaJavaMapper.scala:244)
	at scala.tools.eclipse.ScalaPresentationCompiler.mapParamTypeSignature(ScalaPresentationCompiler.scala:36)
	at scala.tools.eclipse.javaelements.ScalaStructureBuilder$StructureBuilderTraverser$DefOwner$$anonfun$13.apply(ScalaStructureBuilder.scala:673)
	at scala.tools.eclipse.javaelements.ScalaStructureBuilder$StructureBuilderTraverser$DefOwner$$anonfun$13.apply(ScalaStructureBuilder.scala:673)
	at scala.collection.TraversableLike$$anonfun$map$1.apply(TraversableLike.scala:244)
	at scala.collection.TraversableLike$$anonfun$map$1.apply(TraversableLike.scala:244)
	at scala.collection.immutable.List.foreach(List.scala:318)
	at scala.collection.TraversableLike$class.map(TraversableLike.scala:244)
	at scala.collection.AbstractTraversable.map(Traversable.scala:105)
	at scala.tools.eclipse.javaelements.ScalaStructureBuilder$StructureBuilderTraverser$DefOwner$class.addDef(ScalaStructureBuilder.scala:673)
	at scala.tools.eclipse.javaelements.ScalaStructureBuilder$StructureBuilderTraverser$Builder.addDef(ScalaStructureBuilder.scala:871)
	at scala.tools.eclipse.javaelements.ScalaStructureBuilder$StructureBuilderTraverser$DefOwner$class.addDef(ScalaStructureBuilder.scala:658)
	at scala.tools.eclipse.javaelements.ScalaStructureBuilder$StructureBuilderTraverser$Builder.addDef(ScalaStructureBuilder.scala:871)
	at scala.tools.eclipse.javaelements.ScalaStructureBuilder$StructureBuilderTraverser$TreeTraverser.traverse(ScalaStructureBuilder.scala:943)
	at scala.tools.eclipse.javaelements.ScalaStructureBuilder$StructureBuilderTraverser$TreeTraverser$$anonfun$traverse$1.apply(ScalaStructureBuilder.scala:950)
	at scala.tools.eclipse.javaelements.ScalaStructureBuilder$StructureBuilderTraverser$TreeTraverser$$anonfun$traverse$1.apply(ScalaStructureBuilder.scala:950)
	at scala.collection.immutable.List.foreach(List.scala:318)
	at scala.tools.eclipse.javaelements.ScalaStructureBuilder$StructureBuilderTraverser$TreeTraverser.traverse(ScalaStructureBuilder.scala:950)
	at scala.tools.eclipse.javaelements.ScalaStructureBuilder$StructureBuilderTraverser$TreeTraverser$$anonfun$traverse$1.apply(ScalaStructureBuilder.scala:950)
	at scala.tools.eclipse.javaelements.ScalaStructureBuilder$StructureBuilderTraverser$TreeTraverser$$anonfun$traverse$1.apply(ScalaStructureBuilder.scala:950)
	at scala.collection.immutable.List.foreach(List.scala:318)
	at scala.tools.eclipse.javaelements.ScalaStructureBuilder$StructureBuilderTraverser$TreeTraverser.traverse(ScalaStructureBuilder.scala:950)
	at scala.tools.eclipse.javaelements.ScalaStructureBuilder$StructureBuilderTraverser$TreeTraverser$$anonfun$traverse$1.apply(ScalaStructureBuilder.scala:950)
	at scala.tools.eclipse.javaelements.ScalaStructureBuilder$StructureBuilderTraverser$TreeTraverser$$anonfun$traverse$1.apply(ScalaStructureBuilder.scala:950)
	at scala.collection.immutable.List.foreach(List.scala:318)
	at scala.tools.eclipse.javaelements.ScalaStructureBuilder$StructureBuilderTraverser$TreeTraverser.traverse(ScalaStructureBuilder.scala:950)
	at scala.tools.eclipse.javaelements.ScalaStructureBuilder$StructureBuilderTraverser.traverse(ScalaStructureBuilder.scala:903)
	at scala.tools.eclipse.javaelements.ScalaCompilationUnit$$anonfun$buildStructure$2$$anonfun$apply$5$$anonfun$apply$1.apply$mcV$sp(ScalaCompilationUnit.scala:89)
	at scala.tools.eclipse.javaelements.ScalaCompilationUnit$$anonfun$buildStructure$2$$anonfun$apply$5$$anonfun$apply$1.apply(ScalaCompilationUnit.scala:88)
	at scala.tools.eclipse.javaelements.ScalaCompilationUnit$$anonfun$buildStructure$2$$anonfun$apply$5$$anonfun$apply$1.apply(ScalaCompilationUnit.scala:88)
	at scala.tools.nsc.util.InterruptReq.execute(InterruptReq.scala:26)
	at scala.tools.nsc.interactive.Global.pollForWork(Global.scala:340)
	at scala.tools.nsc.interactive.PresentationCompilerThread.run(PresentationCompilerThread.scala:22)
2013-07-14 22:25:32,197 ERROR [Scala Presentation Compiler [LearnScala]] - System.err - java.lang.UnsupportedOperationException: Position.point on class scala.reflect.internal.util.NoPosition$
2013-07-14 22:25:32,198 ERROR [Scala Presentation Compiler [LearnScala]] - System.err - at scala.reflect.internal.util.Position.point(Position.scala:120)
2013-07-14 22:25:32,198 ERROR [Scala Presentation Compiler [LearnScala]] - System.err - at scala.reflect.internal.util.Position.endOrPoint(Position.scala:129)
2013-07-14 22:25:32,198 ERROR [Scala Presentation Compiler [LearnScala]] - System.err - at scala.tools.nsc.ast.parser.TreeBuilder.makeWhile(TreeBuilder.scala:255)
2013-07-14 22:25:32,198 ERROR [Scala Presentation Compiler [LearnScala]] - System.err - at scala.tools.nsc.ast.parser.Parsers$Parser.parseWhile$1(Parsers.scala:1339)
2013-07-14 22:25:32,198 ERROR [Scala Presentation Compiler [LearnScala]] - System.err - at scala.tools.nsc.ast.parser.Parsers$Parser.expr0(Parsers.scala:1342)
2013-07-14 22:25:32,198 ERROR [Scala Presentation Compiler [LearnScala]] - System.err - at scala.tools.nsc.ast.parser.Parsers$Parser.expr(Parsers.scala:1285)
2013-07-14 22:25:32,198 ERROR [Scala Presentation Compiler [LearnScala]] - System.err - at scala.tools.nsc.ast.parser.Parsers$Parser.statement(Parsers.scala:1255)
2013-07-14 22:25:32,198 ERROR [Scala Presentation Compiler [LearnScala]] - System.err - at scala.tools.nsc.ast.parser.Parsers$Parser$$anonfun$blockStatSeq$1.apply(Parsers.scala:3074)
2013-07-14 22:25:32,198 ERROR [Scala Presentation Compiler [LearnScala]] - System.err - at scala.tools.nsc.ast.parser.Parsers$Parser$$anonfun$blockStatSeq$1.apply(Parsers.scala:3066)
2013-07-14 22:25:32,198 ERROR [Scala Presentation Compiler [LearnScala]] - System.err - at scala.tools.nsc.ast.parser.Parsers$Parser.checkNoEscapingPlaceholders(Parsers.scala:428)
2013-07-14 22:25:32,198 ERROR [Scala Presentation Compiler [LearnScala]] - System.err - at scala.tools.nsc.ast.parser.Parsers$Parser.blockStatSeq(Parsers.scala:3066)
2013-07-14 22:25:32,198 ERROR [Scala Presentation Compiler [LearnScala]] - System.err - at scala.tools.nsc.ast.parser.Parsers$Parser.block(Parsers.scala:1654)
2013-07-14 22:25:32,198 ERROR [Scala Presentation Compiler [LearnScala]] - System.err - at scala.tools.nsc.ast.parser.Parsers$Parser.blockExpr(Parsers.scala:1643)
2013-07-14 22:25:32,198 ERROR [Scala Presentation Compiler [LearnScala]] - System.err - at scala.tools.nsc.ast.parser.Parsers$Parser.funDefRest(Parsers.scala:2560)
2013-07-14 22:25:32,198 ERROR [Scala Presentation Compiler [LearnScala]] - System.err - at scala.tools.nsc.ast.parser.Parsers$Parser.funDefOrDcl(Parsers.scala:2538)
2013-07-14 22:25:32,198 ERROR [Scala Presentation Compiler [LearnScala]] - System.err - at scala.tools.nsc.ast.parser.Parsers$Parser.defOrDcl(Parsers.scala:2421)
2013-07-14 22:25:32,198 ERROR [Scala Presentation Compiler [LearnScala]] - System.err - at scala.tools.nsc.ast.parser.Parsers$Parser.nonLocalDefOrDcl(Parsers.scala:2433)
2013-07-14 22:25:32,198 ERROR [Scala Presentation Compiler [LearnScala]] - System.err - at scala.tools.nsc.ast.parser.Parsers$Parser$$anonfun$templateStatSeq$1$$anonfun$apply$5.apply(Parsers.scala:2997)
2013-07-14 22:25:32,198 ERROR [Scala Presentation Compiler [LearnScala]] - System.err - at scala.tools.nsc.ast.parser.Parsers$Parser$$anonfun$templateStatSeq$1$$anonfun$apply$5.apply(Parsers.scala:2997)
2013-07-14 22:25:32,198 ERROR [Scala Presentation Compiler [LearnScala]] - System.err - at scala.tools.nsc.ast.parser.Parsers$Parser.joinComment(Parsers.scala:683)
2013-07-14 22:25:32,198 ERROR [Scala Presentation Compiler [LearnScala]] - System.err - at scala.tools.nsc.ast.parser.Parsers$Parser$$anonfun$templateStatSeq$1.apply(Parsers.scala:2997)
2013-07-14 22:25:32,198 ERROR [Scala Presentation Compiler [LearnScala]] - System.err - at scala.tools.nsc.ast.parser.Parsers$Parser$$anonfun$templateStatSeq$1.apply(Parsers.scala:2966)
2013-07-14 22:25:32,199 ERROR [Scala Presentation Compiler [LearnScala]] - System.err - at scala.tools.nsc.ast.parser.Parsers$Parser.checkNoEscapingPlaceholders(Parsers.scala:428)
2013-07-14 22:25:32,199 ERROR [Scala Presentation Compiler [LearnScala]] - System.err - at scala.tools.nsc.ast.parser.Parsers$Parser.templateStatSeq(Parsers.scala:2966)
2013-07-14 22:25:32,199 ERROR [Scala Presentation Compiler [LearnScala]] - System.err - at scala.tools.nsc.ast.parser.Parsers$Parser.templateBody(Parsers.scala:2846)
2013-07-14 22:25:32,199 ERROR [Scala Presentation Compiler [LearnScala]] - System.err - at scala.tools.nsc.ast.parser.Parsers$Parser.templateBodyOpt(Parsers.scala:2853)
2013-07-14 22:25:32,199 ERROR [Scala Presentation Compiler [LearnScala]] - System.err - at scala.tools.nsc.ast.parser.Parsers$Parser.templateOpt(Parsers.scala:2812)
2013-07-14 22:25:32,199 ERROR [Scala Presentation Compiler [LearnScala]] - System.err - at scala.tools.nsc.ast.parser.Parsers$Parser.objectDef(Parsers.scala:2732)
2013-07-14 22:25:32,199 ERROR [Scala Presentation Compiler [LearnScala]] - System.err - at scala.tools.nsc.ast.parser.Parsers$Parser.tmplDef(Parsers.scala:2670)
2013-07-14 22:25:32,199 ERROR [Scala Presentation Compiler [LearnScala]] - System.err - at scala.tools.nsc.ast.parser.Parsers$Parser.topLevelTmplDef(Parsers.scala:2651)
2013-07-14 22:25:32,199 ERROR [Scala Presentation Compiler [LearnScala]] - System.err - at scala.tools.nsc.ast.parser.Parsers$Parser$$anonfun$topStatSeq$2.apply(Parsers.scala:2937)
2013-07-14 22:25:32,199 ERROR [Scala Presentation Compiler [LearnScala]] - System.err - at scala.tools.nsc.ast.parser.Parsers$Parser$$anonfun$topStatSeq$2.apply(Parsers.scala:2937)
2013-07-14 22:25:32,199 ERROR [Scala Presentation Compiler [LearnScala]] - System.err - at scala.tools.nsc.ast.parser.Parsers$Parser.joinComment(Parsers.scala:683)
2013-07-14 22:25:32,199 ERROR [Scala Presentation Compiler [LearnScala]] - System.err - at scala.tools.nsc.ast.parser.Parsers$Parser.topStatSeq(Parsers.scala:2937)
2013-07-14 22:25:32,199 ERROR [Scala Presentation Compiler [LearnScala]] - System.err - at scala.tools.nsc.ast.parser.Parsers$Parser$$anonfun$compilationUnit$1.topstats$1(Parsers.scala:3132)
2013-07-14 22:25:32,199 ERROR [Scala Presentation Compiler [LearnScala]] - System.err - at scala.tools.nsc.ast.parser.Parsers$Parser$$anonfun$compilationUnit$1.topstats$1(Parsers.scala:3124)
2013-07-14 22:25:32,199 ERROR [Scala Presentation Compiler [LearnScala]] - System.err - at scala.tools.nsc.ast.parser.Parsers$Parser$$anonfun$compilationUnit$1.apply(Parsers.scala:3138)
2013-07-14 22:25:32,199 ERROR [Scala Presentation Compiler [LearnScala]] - System.err - at scala.tools.nsc.ast.parser.Parsers$Parser$$anonfun$compilationUnit$1.apply(Parsers.scala:3102)
2013-07-14 22:25:32,199 ERROR [Scala Presentation Compiler [LearnScala]] - System.err - at scala.tools.nsc.ast.parser.Parsers$Parser.checkNoEscapingPlaceholders(Parsers.scala:428)
2013-07-14 22:25:32,199 ERROR [Scala Presentation Compiler [LearnScala]] - System.err - at scala.tools.nsc.ast.parser.Parsers$Parser.compilationUnit(Parsers.scala:3102)
2013-07-14 22:25:32,199 ERROR [Scala Presentation Compiler [LearnScala]] - System.err - at scala.tools.nsc.ast.parser.Parsers$SourceFileParser$$anonfun$parseStartRule$1.apply(Parsers.scala:141)
2013-07-14 22:25:32,199 ERROR [Scala Presentation Compiler [LearnScala]] - System.err - at scala.tools.nsc.ast.parser.Parsers$SourceFileParser$$anonfun$parseStartRule$1.apply(Parsers.scala:141)
2013-07-14 22:25:32,199 ERROR [Scala Presentation Compiler [LearnScala]] - System.err - at scala.tools.nsc.ast.parser.Parsers$Parser.parse(Parsers.scala:313)
2013-07-14 22:25:32,199 ERROR [Scala Presentation Compiler [LearnScala]] - System.err - at scala.tools.nsc.ast.parser.Parsers$UnitParser.smartParse(Parsers.scala:242)
2013-07-14 22:25:32,199 ERROR [Scala Presentation Compiler [LearnScala]] - System.err - at scala.tools.nsc.ast.parser.SyntaxAnalyzer$ParserPhase.apply(SyntaxAnalyzer.scala:29)
2013-07-14 22:25:32,200 ERROR [Scala Presentation Compiler [LearnScala]] - System.err - at scala.tools.nsc.Global$GlobalPhase.applyPhase(Global.scala:463)
2013-07-14 22:25:32,200 ERROR [Scala Presentation Compiler [LearnScala]] - System.err - at scala.tools.nsc.Global$Run$$anonfun$compileLate$2$$anonfun$apply$1.apply(Global.scala:1682)
2013-07-14 22:25:32,200 ERROR [Scala Presentation Compiler [LearnScala]] - System.err - at scala.tools.nsc.Global$Run$$anonfun$compileLate$2$$anonfun$apply$1.apply(Global.scala:1682)
2013-07-14 22:25:32,200 ERROR [Scala Presentation Compiler [LearnScala]] - System.err - at scala.reflect.internal.SymbolTable.atPhase(SymbolTable.scala:207)
2013-07-14 22:25:32,200 ERROR [Scala Presentation Compiler [LearnScala]] - System.err - at scala.tools.nsc.Global$Run$$anonfun$compileLate$2.apply(Global.scala:1682)
2013-07-14 22:25:32,200 ERROR [Scala Presentation Compiler [LearnScala]] - System.err - at scala.tools.nsc.Global$Run$$anonfun$compileLate$2.apply(Global.scala:1681)
2013-07-14 22:25:32,200 ERROR [Scala Presentation Compiler [LearnScala]] - System.err - at scala.collection.Iterator$class.foreach(Iterator.scala:727)
2013-07-14 22:25:32,200 ERROR [Scala Presentation Compiler [LearnScala]] - System.err - at scala.collection.AbstractIterator.foreach(Iterator.scala:1157)
2013-07-14 22:25:32,200 ERROR [Scala Presentation Compiler [LearnScala]] - System.err - at scala.tools.nsc.Global$Run.compileLate(Global.scala:1681)
2013-07-14 22:25:32,200 ERROR [Scala Presentation Compiler [LearnScala]] - System.err - at scala.tools.nsc.interactive.Global.scala$tools$nsc$interactive$Global$$parseAndEnter(Global.scala:574)
2013-07-14 22:25:32,200 ERROR [Scala Presentation Compiler [LearnScala]] - System.err - at scala.tools.nsc.interactive.Global.backgroundCompile(Global.scala:481)
2013-07-14 22:25:32,200 ERROR [Scala Presentation Compiler [LearnScala]] - System.err - at scala.tools.nsc.interactive.PresentationCompilerThread.run(PresentationCompilerThread.scala:25)
2013-07-14 22:25:32,719 ERROR [Scala Presentation Compiler [LearnScala]] - System.err - java.lang.UnsupportedOperationException: Position.point on class scala.reflect.internal.util.NoPosition$
2013-07-14 22:25:32,720 ERROR [Scala Presentation Compiler [LearnScala]] - System.err - at scala.reflect.internal.util.Position.point(Position.scala:120)
2013-07-14 22:25:32,720 ERROR [Scala Presentation Compiler [LearnScala]] - System.err - at scala.reflect.internal.util.Position.endOrPoint(Position.scala:129)
2013-07-14 22:25:32,720 ERROR [Scala Presentation Compiler [LearnScala]] - System.err - at scala.tools.nsc.ast.parser.TreeBuilder.makeWhile(TreeBuilder.scala:255)
2013-07-14 22:25:32,720 ERROR [Scala Presentation Compiler [LearnScala]] - System.err - at scala.tools.nsc.ast.parser.Parsers$Parser.parseWhile$1(Parsers.scala:1339)
2013-07-14 22:25:32,720 ERROR [Scala Presentation Compiler [LearnScala]] - System.err - at scala.tools.nsc.ast.parser.Parsers$Parser.expr0(Parsers.scala:1342)
2013-07-14 22:25:32,720 ERROR [Scala Presentation Compiler [LearnScala]] - System.err - at scala.tools.nsc.ast.parser.Parsers$Parser.expr(Parsers.scala:1285)
2013-07-14 22:25:32,720 ERROR [Scala Presentation Compiler [LearnScala]] - System.err - at scala.tools.nsc.ast.parser.Parsers$Parser.statement(Parsers.scala:1255)
2013-07-14 22:25:32,720 ERROR [Scala Presentation Compiler [LearnScala]] - System.err - at scala.tools.nsc.ast.parser.Parsers$Parser$$anonfun$blockStatSeq$1.apply(Parsers.scala:3074)
2013-07-14 22:25:32,720 ERROR [Scala Presentation Compiler [LearnScala]] - System.err - at scala.tools.nsc.ast.parser.Parsers$Parser$$anonfun$blockStatSeq$1.apply(Parsers.scala:3066)
2013-07-14 22:25:32,720 ERROR [Scala Presentation Compiler [LearnScala]] - System.err - at scala.tools.nsc.ast.parser.Parsers$Parser.checkNoEscapingPlaceholders(Parsers.scala:428)
2013-07-14 22:25:32,720 ERROR [Scala Presentation Compiler [LearnScala]] - System.err - at scala.tools.nsc.ast.parser.Parsers$Parser.blockStatSeq(Parsers.scala:3066)
2013-07-14 22:25:32,720 ERROR [Scala Presentation Compiler [LearnScala]] - System.err - at scala.tools.nsc.ast.parser.Parsers$Parser.block(Parsers.scala:1654)
2013-07-14 22:25:32,720 ERROR [Scala Presentation Compiler [LearnScala]] - System.err - at scala.tools.nsc.ast.parser.Parsers$Parser.blockExpr(Parsers.scala:1643)
2013-07-14 22:25:32,720 ERROR [Scala Presentation Compiler [LearnScala]] - System.err - at scala.tools.nsc.ast.parser.Parsers$Parser.funDefRest(Parsers.scala:2560)
2013-07-14 22:25:32,720 ERROR [Scala Presentation Compiler [LearnScala]] - System.err - at scala.tools.nsc.ast.parser.Parsers$Parser.funDefOrDcl(Parsers.scala:2538)
2013-07-14 22:25:32,720 ERROR [Scala Presentation Compiler [LearnScala]] - System.err - at scala.tools.nsc.ast.parser.Parsers$Parser.defOrDcl(Parsers.scala:2421)
2013-07-14 22:25:32,720 ERROR [Scala Presentation Compiler [LearnScala]] - System.err - at scala.tools.nsc.ast.parser.Parsers$Parser.nonLocalDefOrDcl(Parsers.scala:2433)
2013-07-14 22:25:32,720 ERROR [Scala Presentation Compiler [LearnScala]] - System.err - at scala.tools.nsc.ast.parser.Parsers$Parser$$anonfun$templateStatSeq$1$$anonfun$apply$5.apply(Parsers.scala:2997)
2013-07-14 22:25:32,720 ERROR [Scala Presentation Compiler [LearnScala]] - System.err - at scala.tools.nsc.ast.parser.Parsers$Parser$$anonfun$templateStatSeq$1$$anonfun$apply$5.apply(Parsers.scala:2997)
2013-07-14 22:25:32,720 ERROR [Scala Presentation Compiler [LearnScala]] - System.err - at scala.tools.nsc.ast.parser.Parsers$Parser.joinComment(Parsers.scala:683)
2013-07-14 22:25:32,720 ERROR [Scala Presentation Compiler [LearnScala]] - System.err - at scala.tools.nsc.ast.parser.Parsers$Parser$$anonfun$templateStatSeq$1.apply(Parsers.scala:2997)
2013-07-14 22:25:32,721 ERROR [Scala Presentation Compiler [LearnScala]] - System.err - at scala.tools.nsc.ast.parser.Parsers$Parser$$anonfun$templateStatSeq$1.apply(Parsers.scala:2966)
2013-07-14 22:25:32,721 ERROR [Scala Presentation Compiler [LearnScala]] - System.err - at scala.tools.nsc.ast.parser.Parsers$Parser.checkNoEscapingPlaceholders(Parsers.scala:428)
2013-07-14 22:25:32,721 ERROR [Scala Presentation Compiler [LearnScala]] - System.err - at scala.tools.nsc.ast.parser.Parsers$Parser.templateStatSeq(Parsers.scala:2966)
2013-07-14 22:25:32,721 ERROR [Scala Presentation Compiler [LearnScala]] - System.err - at scala.tools.nsc.ast.parser.Parsers$Parser.templateBody(Parsers.scala:2846)
2013-07-14 22:25:32,721 ERROR [Scala Presentation Compiler [LearnScala]] - System.err - at scala.tools.nsc.ast.parser.Parsers$Parser.templateBodyOpt(Parsers.scala:2853)
2013-07-14 22:25:32,721 ERROR [Scala Presentation Compiler [LearnScala]] - System.err - at scala.tools.nsc.ast.parser.Parsers$Parser.templateOpt(Parsers.scala:2812)
2013-07-14 22:25:32,721 ERROR [Scala Presentation Compiler [LearnScala]] - System.err - at scala.tools.nsc.ast.parser.Parsers$Parser.objectDef(Parsers.scala:2732)
2013-07-14 22:25:32,721 ERROR [Scala Presentation Compiler [LearnScala]] - System.err - at scala.tools.nsc.ast.parser.Parsers$Parser.tmplDef(Parsers.scala:2670)
2013-07-14 22:25:32,721 ERROR [Scala Presentation Compiler [LearnScala]] - System.err - at scala.tools.nsc.ast.parser.Parsers$Parser.topLevelTmplDef(Parsers.scala:2651)
2013-07-14 22:25:32,721 ERROR [Scala Presentation Compiler [LearnScala]] - System.err - at scala.tools.nsc.ast.parser.Parsers$Parser$$anonfun$topStatSeq$2.apply(Parsers.scala:2937)
2013-07-14 22:25:32,721 ERROR [Scala Presentation Compiler [LearnScala]] - System.err - at scala.tools.nsc.ast.parser.Parsers$Parser$$anonfun$topStatSeq$2.apply(Parsers.scala:2937)
2013-07-14 22:25:32,721 ERROR [Scala Presentation Compiler [LearnScala]] - System.err - at scala.tools.nsc.ast.parser.Parsers$Parser.joinComment(Parsers.scala:683)
2013-07-14 22:25:32,721 ERROR [Scala Presentation Compiler [LearnScala]] - System.err - at scala.tools.nsc.ast.parser.Parsers$Parser.topStatSeq(Parsers.scala:2937)
2013-07-14 22:25:32,721 ERROR [Scala Presentation Compiler [LearnScala]] - System.err - at scala.tools.nsc.ast.parser.Parsers$Parser$$anonfun$compilationUnit$1.topstats$1(Parsers.scala:3132)
2013-07-14 22:25:32,721 ERROR [Scala Presentation Compiler [LearnScala]] - System.err - at scala.tools.nsc.ast.parser.Parsers$Parser$$anonfun$compilationUnit$1.topstats$1(Parsers.scala:3124)
2013-07-14 22:25:32,721 ERROR [Scala Presentation Compiler [LearnScala]] - System.err - at scala.tools.nsc.ast.parser.Parsers$Parser$$anonfun$compilationUnit$1.apply(Parsers.scala:3138)
2013-07-14 22:25:32,721 ERROR [Scala Presentation Compiler [LearnScala]] - System.err - at scala.tools.nsc.ast.parser.Parsers$Parser$$anonfun$compilationUnit$1.apply(Parsers.scala:3102)
2013-07-14 22:25:32,721 ERROR [Scala Presentation Compiler [LearnScala]] - System.err - at scala.tools.nsc.ast.parser.Parsers$Parser.checkNoEscapingPlaceholders(Parsers.scala:428)
2013-07-14 22:25:32,721 ERROR [Scala Presentation Compiler [LearnScala]] - System.err - at scala.tools.nsc.ast.parser.Parsers$Parser.compilationUnit(Parsers.scala:3102)
2013-07-14 22:25:32,721 ERROR [Scala Presentation Compiler [LearnScala]] - System.err - at scala.tools.nsc.ast.parser.Parsers$SourceFileParser$$anonfun$parseStartRule$1.apply(Parsers.scala:141)
2013-07-14 22:25:32,721 ERROR [Scala Presentation Compiler [LearnScala]] - System.err - at scala.tools.nsc.ast.parser.Parsers$SourceFileParser$$anonfun$parseStartRule$1.apply(Parsers.scala:141)
2013-07-14 22:25:32,721 ERROR [Scala Presentation Compiler [LearnScala]] - System.err - at scala.tools.nsc.ast.parser.Parsers$Parser.parse(Parsers.scala:313)
2013-07-14 22:25:32,721 ERROR [Scala Presentation Compiler [LearnScala]] - System.err - at scala.tools.nsc.ast.parser.Parsers$UnitParser.smartParse(Parsers.scala:242)
2013-07-14 22:25:32,722 ERROR [Scala Presentation Compiler [LearnScala]] - System.err - at scala.tools.nsc.ast.parser.SyntaxAnalyzer$ParserPhase.apply(SyntaxAnalyzer.scala:29)
2013-07-14 22:25:32,722 ERROR [Scala Presentation Compiler [LearnScala]] - System.err - at scala.tools.nsc.Global$GlobalPhase.applyPhase(Global.scala:463)
2013-07-14 22:25:32,722 ERROR [Scala Presentation Compiler [LearnScala]] - System.err - at scala.tools.nsc.Global$Run$$anonfun$compileLate$2$$anonfun$apply$1.apply(Global.scala:1682)
2013-07-14 22:25:32,722 ERROR [Scala Presentation Compiler [LearnScala]] - System.err - at scala.tools.nsc.Global$Run$$anonfun$compileLate$2$$anonfun$apply$1.apply(Global.scala:1682)
2013-07-14 22:25:32,722 ERROR [Scala Presentation Compiler [LearnScala]] - System.err - at scala.reflect.internal.SymbolTable.atPhase(SymbolTable.scala:207)
2013-07-14 22:25:32,722 ERROR [Scala Presentation Compiler [LearnScala]] - System.err - at scala.tools.nsc.Global$Run$$anonfun$compileLate$2.apply(Global.scala:1682)
2013-07-14 22:25:32,722 ERROR [Scala Presentation Compiler [LearnScala]] - System.err - at scala.tools.nsc.Global$Run$$anonfun$compileLate$2.apply(Global.scala:1681)
2013-07-14 22:25:32,722 ERROR [Scala Presentation Compiler [LearnScala]] - System.err - at scala.collection.Iterator$class.foreach(Iterator.scala:727)
2013-07-14 22:25:32,722 ERROR [Scala Presentation Compiler [LearnScala]] - System.err - at scala.collection.AbstractIterator.foreach(Iterator.scala:1157)
2013-07-14 22:25:32,722 ERROR [Scala Presentation Compiler [LearnScala]] - System.err - at scala.tools.nsc.Global$Run.compileLate(Global.scala:1681)
2013-07-14 22:25:32,722 ERROR [Scala Presentation Compiler [LearnScala]] - System.err - at scala.tools.nsc.interactive.Global.scala$tools$nsc$interactive$Global$$parseAndEnter(Global.scala:574)
2013-07-14 22:25:32,722 ERROR [Scala Presentation Compiler [LearnScala]] - System.err - at scala.tools.nsc.interactive.Global.backgroundCompile(Global.scala:481)
2013-07-14 22:25:32,722 ERROR [Scala Presentation Compiler [LearnScala]] - System.err - at scala.tools.nsc.interactive.PresentationCompilerThread.run(PresentationCompilerThread.scala:25)
2013-07-14 22:25:32,724 ERROR [Scala Presentation Compiler [LearnScala]] - System.err - java.lang.UnsupportedOperationException: Position.point on class scala.reflect.internal.util.NoPosition$
2013-07-14 22:25:32,724 ERROR [Scala Presentation Compiler [LearnScala]] - System.err - at scala.reflect.internal.util.Position.point(Position.scala:120)
2013-07-14 22:25:32,724 ERROR [Scala Presentation Compiler [LearnScala]] - System.err - at scala.reflect.internal.util.Position.endOrPoint(Position.scala:129)
2013-07-14 22:25:32,725 ERROR [Scala Presentation Compiler [LearnScala]] - System.err - at scala.tools.nsc.ast.parser.TreeBuilder.makeWhile(TreeBuilder.scala:255)
2013-07-14 22:25:32,725 ERROR [Scala Presentation Compiler [LearnScala]] - System.err - at scala.tools.nsc.ast.parser.Parsers$Parser.parseWhile$1(Parsers.scala:1339)
2013-07-14 22:25:32,725 ERROR [Scala Presentation Compiler [LearnScala]] - System.err - at scala.tools.nsc.ast.parser.Parsers$Parser.expr0(Parsers.scala:1342)
2013-07-14 22:25:32,725 ERROR [Scala Presentation Compiler [LearnScala]] - System.err - at scala.tools.nsc.ast.parser.Parsers$Parser.expr(Parsers.scala:1285)
2013-07-14 22:25:32,725 ERROR [Scala Presentation Compiler [LearnScala]] - System.err - at scala.tools.nsc.ast.parser.Parsers$Parser.statement(Parsers.scala:1255)
2013-07-14 22:25:32,725 ERROR [Scala Presentation Compiler [LearnScala]] - System.err - at scala.tools.nsc.ast.parser.Parsers$Parser$$anonfun$blockStatSeq$1.apply(Parsers.scala:3074)
2013-07-14 22:25:32,725 ERROR [Scala Presentation Compiler [LearnScala]] - System.err - at scala.tools.nsc.ast.parser.Parsers$Parser$$anonfun$blockStatSeq$1.apply(Parsers.scala:3066)
2013-07-14 22:25:32,725 ERROR [Scala Presentation Compiler [LearnScala]] - System.err - at scala.tools.nsc.ast.parser.Parsers$Parser.checkNoEscapingPlaceholders(Parsers.scala:428)
2013-07-14 22:25:32,725 ERROR [Scala Presentation Compiler [LearnScala]] - System.err - at scala.tools.nsc.ast.parser.Parsers$Parser.blockStatSeq(Parsers.scala:3066)
2013-07-14 22:25:32,725 ERROR [Scala Presentation Compiler [LearnScala]] - System.err - at scala.tools.nsc.ast.parser.Parsers$Parser.block(Parsers.scala:1654)
2013-07-14 22:25:32,725 ERROR [Scala Presentation Compiler [LearnScala]] - System.err - at scala.tools.nsc.ast.parser.Parsers$Parser.blockExpr(Parsers.scala:1643)
2013-07-14 22:25:32,725 ERROR [Scala Presentation Compiler [LearnScala]] - System.err - at scala.tools.nsc.ast.parser.Parsers$Parser.funDefRest(Parsers.scala:2560)
2013-07-14 22:25:32,725 ERROR [Scala Presentation Compiler [LearnScala]] - System.err - at scala.tools.nsc.ast.parser.Parsers$Parser.funDefOrDcl(Parsers.scala:2538)
2013-07-14 22:25:32,725 ERROR [Scala Presentation Compiler [LearnScala]] - System.err - at scala.tools.nsc.ast.parser.Parsers$Parser.defOrDcl(Parsers.scala:2421)
2013-07-14 22:25:32,725 ERROR [Scala Presentation Compiler [LearnScala]] - System.err - at scala.tools.nsc.ast.parser.Parsers$Parser.nonLocalDefOrDcl(Parsers.scala:2433)
2013-07-14 22:25:32,725 ERROR [Scala Presentation Compiler [LearnScala]] - System.err - at scala.tools.nsc.ast.parser.Parsers$Parser$$anonfun$templateStatSeq$1$$anonfun$apply$5.apply(Parsers.scala:2997)
2013-07-14 22:25:32,725 ERROR [Scala Presentation Compiler [LearnScala]] - System.err - at scala.tools.nsc.ast.parser.Parsers$Parser$$anonfun$templateStatSeq$1$$anonfun$apply$5.apply(Parsers.scala:2997)
2013-07-14 22:25:32,725 ERROR [Scala Presentation Compiler [LearnScala]] - System.err - at scala.tools.nsc.ast.parser.Parsers$Parser.joinComment(Parsers.scala:683)
2013-07-14 22:25:32,725 ERROR [Scala Presentation Compiler [LearnScala]] - System.err - at scala.tools.nsc.ast.parser.Parsers$Parser$$anonfun$templateStatSeq$1.apply(Parsers.scala:2997)
2013-07-14 22:25:32,725 ERROR [Scala Presentation Compiler [LearnScala]] - System.err - at scala.tools.nsc.ast.parser.Parsers$Parser$$anonfun$templateStatSeq$1.apply(Parsers.scala:2966)
2013-07-14 22:25:32,725 ERROR [Scala Presentation Compiler [LearnScala]] - System.err - at scala.tools.nsc.ast.parser.Parsers$Parser.checkNoEscapingPlaceholders(Parsers.scala:428)
2013-07-14 22:25:32,725 ERROR [Scala Presentation Compiler [LearnScala]] - System.err - at scala.tools.nsc.ast.parser.Parsers$Parser.templateStatSeq(Parsers.scala:2966)
2013-07-14 22:25:32,726 ERROR [Scala Presentation Compiler [LearnScala]] - System.err - at scala.tools.nsc.ast.parser.Parsers$Parser.templateBody(Parsers.scala:2846)
2013-07-14 22:25:32,726 ERROR [Scala Presentation Compiler [LearnScala]] - System.err - at scala.tools.nsc.ast.parser.Parsers$Parser.templateBodyOpt(Parsers.scala:2853)
2013-07-14 22:25:32,726 ERROR [Scala Presentation Compiler [LearnScala]] - System.err - at scala.tools.nsc.ast.parser.Parsers$Parser.templateOpt(Parsers.scala:2812)
2013-07-14 22:25:32,726 ERROR [Scala Presentation Compiler [LearnScala]] - System.err - at scala.tools.nsc.ast.parser.Parsers$Parser.objectDef(Parsers.scala:2732)
2013-07-14 22:25:32,726 ERROR [Scala Presentation Compiler [LearnScala]] - System.err - at scala.tools.nsc.ast.parser.Parsers$Parser.tmplDef(Parsers.scala:2670)
2013-07-14 22:25:32,726 ERROR [Scala Presentation Compiler [LearnScala]] - System.err - at scala.tools.nsc.ast.parser.Parsers$Parser.topLevelTmplDef(Parsers.scala:2651)
2013-07-14 22:25:32,726 ERROR [Scala Presentation Compiler [LearnScala]] - System.err - at scala.tools.nsc.ast.parser.Parsers$Parser$$anonfun$topStatSeq$2.apply(Parsers.scala:2937)
2013-07-14 22:25:32,726 ERROR [Scala Presentation Compiler [LearnScala]] - System.err - at scala.tools.nsc.ast.parser.Parsers$Parser$$anonfun$topStatSeq$2.apply(Parsers.scala:2937)
2013-07-14 22:25:32,726 ERROR [Scala Presentation Compiler [LearnScala]] - System.err - at scala.tools.nsc.ast.parser.Parsers$Parser.joinComment(Parsers.scala:683)
2013-07-14 22:25:32,726 ERROR [Scala Presentation Compiler [LearnScala]] - System.err - at scala.tools.nsc.ast.parser.Parsers$Parser.topStatSeq(Parsers.scala:2937)
2013-07-14 22:25:32,726 ERROR [Scala Presentation Compiler [LearnScala]] - System.err - at scala.tools.nsc.ast.parser.Parsers$Parser$$anonfun$compilationUnit$1.topstats$1(Parsers.scala:3132)
2013-07-14 22:25:32,726 ERROR [Scala Presentation Compiler [LearnScala]] - System.err - at scala.tools.nsc.ast.parser.Parsers$Parser$$anonfun$compilationUnit$1.topstats$1(Parsers.scala:3124)
2013-07-14 22:25:32,726 ERROR [Scala Presentation Compiler [LearnScala]] - System.err - at scala.tools.nsc.ast.parser.Parsers$Parser$$anonfun$compilationUnit$1.apply(Parsers.scala:3138)
2013-07-14 22:25:32,726 ERROR [Scala Presentation Compiler [LearnScala]] - System.err - at scala.tools.nsc.ast.parser.Parsers$Parser$$anonfun$compilationUnit$1.apply(Parsers.scala:3102)
2013-07-14 22:25:32,726 ERROR [Scala Presentation Compiler [LearnScala]] - System.err - at scala.tools.nsc.ast.parser.Parsers$Parser.checkNoEscapingPlaceholders(Parsers.scala:428)
2013-07-14 22:25:32,726 ERROR [Scala Presentation Compiler [LearnScala]] - System.err - at scala.tools.nsc.ast.parser.Parsers$Parser.compilationUnit(Parsers.scala:3102)
2013-07-14 22:25:32,726 ERROR [Scala Presentation Compiler [LearnScala]] - System.err - at scala.tools.nsc.ast.parser.Parsers$SourceFileParser$$anonfun$parseStartRule$1.apply(Parsers.scala:141)
2013-07-14 22:25:32,726 ERROR [Scala Presentation Compiler [LearnScala]] - System.err - at scala.tools.nsc.ast.parser.Parsers$SourceFileParser$$anonfun$parseStartRule$1.apply(Parsers.scala:141)
2013-07-14 22:25:32,726 ERROR [Scala Presentation Compiler [LearnScala]] - System.err - at scala.tools.nsc.ast.parser.Parsers$Parser.parse(Parsers.scala:313)
2013-07-14 22:25:32,726 ERROR [Scala Presentation Compiler [LearnScala]] - System.err - at scala.tools.nsc.ast.parser.Parsers$UnitParser.smartParse(Parsers.scala:242)
2013-07-14 22:25:32,726 ERROR [Scala Presentation Compiler [LearnScala]] - System.err - at scala.tools.nsc.ast.parser.SyntaxAnalyzer$ParserPhase.apply(SyntaxAnalyzer.scala:29)
2013-07-14 22:25:32,726 ERROR [Scala Presentation Compiler [LearnScala]] - System.err - at scala.tools.nsc.Global$GlobalPhase.applyPhase(Global.scala:463)
2013-07-14 22:25:32,727 ERROR [Scala Presentation Compiler [LearnScala]] - System.err - at scala.tools.nsc.Global$Run$$anonfun$compileLate$2$$anonfun$apply$1.apply(Global.scala:1682)
2013-07-14 22:25:32,727 ERROR [Scala Presentation Compiler [LearnScala]] - System.err - at scala.tools.nsc.Global$Run$$anonfun$compileLate$2$$anonfun$apply$1.apply(Global.scala:1682)
2013-07-14 22:25:32,727 ERROR [Scala Presentation Compiler [LearnScala]] - System.err - at scala.reflect.internal.SymbolTable.atPhase(SymbolTable.scala:207)
2013-07-14 22:25:32,727 ERROR [Scala Presentation Compiler [LearnScala]] - System.err - at scala.tools.nsc.Global$Run$$anonfun$compileLate$2.apply(Global.scala:1682)
2013-07-14 22:25:32,727 ERROR [Scala Presentation Compiler [LearnScala]] - System.err - at scala.tools.nsc.Global$Run$$anonfun$compileLate$2.apply(Global.scala:1681)
2013-07-14 22:25:32,727 ERROR [Scala Presentation Compiler [LearnScala]] - System.err - at scala.collection.Iterator$class.foreach(Iterator.scala:727)
2013-07-14 22:25:32,727 ERROR [Scala Presentation Compiler [LearnScala]] - System.err - at scala.collection.AbstractIterator.foreach(Iterator.scala:1157)
2013-07-14 22:25:32,727 ERROR [Scala Presentation Compiler [LearnScala]] - System.err - at scala.tools.nsc.Global$Run.compileLate(Global.scala:1681)
2013-07-14 22:25:32,727 ERROR [Scala Presentation Compiler [LearnScala]] - System.err - at scala.tools.nsc.interactive.Global.scala$tools$nsc$interactive$Global$$parseAndEnter(Global.scala:574)
2013-07-14 22:25:32,727 ERROR [Scala Presentation Compiler [LearnScala]] - System.err - at scala.tools.nsc.interactive.Global.backgroundCompile(Global.scala:481)
2013-07-14 22:25:32,727 ERROR [Scala Presentation Compiler [LearnScala]] - System.err - at scala.tools.nsc.interactive.PresentationCompilerThread.run(PresentationCompilerThread.scala:25)
2013-07-14 22:25:32,730 ERROR [Scala Presentation Compiler [LearnScala]] - System.err - java.lang.UnsupportedOperationException: Position.point on class scala.reflect.internal.util.NoPosition$
2013-07-14 22:25:32,730 ERROR [Scala Presentation Compiler [LearnScala]] - System.err - at scala.reflect.internal.util.Position.point(Position.scala:120)
2013-07-14 22:25:32,730 ERROR [Scala Presentation Compiler [LearnScala]] - System.err - at scala.reflect.internal.util.Position.endOrPoint(Position.scala:129)
2013-07-14 22:25:32,730 ERROR [Scala Presentation Compiler [LearnScala]] - System.err - at scala.tools.nsc.ast.parser.TreeBuilder.makeWhile(TreeBuilder.scala:255)
2013-07-14 22:25:32,730 ERROR [Scala Presentation Compiler [LearnScala]] - System.err - at scala.tools.nsc.ast.parser.Parsers$Parser.parseWhile$1(Parsers.scala:1339)
2013-07-14 22:25:32,730 ERROR [Scala Presentation Compiler [LearnScala]] - System.err - at scala.tools.nsc.ast.parser.Parsers$Parser.expr0(Parsers.scala:1342)
2013-07-14 22:25:32,730 ERROR [Scala Presentation Compiler [LearnScala]] - System.err - at scala.tools.nsc.ast.parser.Parsers$Parser.expr(Parsers.scala:1285)
2013-07-14 22:25:32,730 ERROR [Scala Presentation Compiler [LearnScala]] - System.err - at scala.tools.nsc.ast.parser.Parsers$Parser.statement(Parsers.scala:1255)
2013-07-14 22:25:32,730 ERROR [Scala Presentation Compiler [LearnScala]] - System.err - at scala.tools.nsc.ast.parser.Parsers$Parser$$anonfun$blockStatSeq$1.apply(Parsers.scala:3074)
2013-07-14 22:25:32,730 ERROR [Scala Presentation Compiler [LearnScala]] - System.err - at scala.tools.nsc.ast.parser.Parsers$Parser$$anonfun$blockStatSeq$1.apply(Parsers.scala:3066)
2013-07-14 22:25:32,730 ERROR [Scala Presentation Compiler [LearnScala]] - System.err - at scala.tools.nsc.ast.parser.Parsers$Parser.checkNoEscapingPlaceholders(Parsers.scala:428)
2013-07-14 22:25:32,731 ERROR [Scala Presentation Compiler [LearnScala]] - System.err - at scala.tools.nsc.ast.parser.Parsers$Parser.blockStatSeq(Parsers.scala:3066)
2013-07-14 22:25:32,731 ERROR [Scala Presentation Compiler [LearnScala]] - System.err - at scala.tools.nsc.ast.parser.Parsers$Parser.block(Parsers.scala:1654)
2013-07-14 22:25:32,731 ERROR [Scala Presentation Compiler [LearnScala]] - System.err - at scala.tools.nsc.ast.parser.Parsers$Parser.blockExpr(Parsers.scala:1643)
2013-07-14 22:25:32,731 ERROR [Scala Presentation Compiler [LearnScala]] - System.err - at scala.tools.nsc.ast.parser.Parsers$Parser.funDefRest(Parsers.scala:2560)
2013-07-14 22:25:32,731 ERROR [Scala Presentation Compiler [LearnScala]] - System.err - at scala.tools.nsc.ast.parser.Parsers$Parser.funDefOrDcl(Parsers.scala:2538)
2013-07-14 22:25:32,731 ERROR [Scala Presentation Compiler [LearnScala]] - System.err - at scala.tools.nsc.ast.parser.Parsers$Parser.defOrDcl(Parsers.scala:2421)
2013-07-14 22:25:32,731 ERROR [Scala Presentation Compiler [LearnScala]] - System.err - at scala.tools.nsc.ast.parser.Parsers$Parser.nonLocalDefOrDcl(Parsers.scala:2433)
2013-07-14 22:25:32,731 ERROR [Scala Presentation Compiler [LearnScala]] - System.err - at scala.tools.nsc.ast.parser.Parsers$Parser$$anonfun$templateStatSeq$1$$anonfun$apply$5.apply(Parsers.scala:2997)
2013-07-14 22:25:32,731 ERROR [Scala Presentation Compiler [LearnScala]] - System.err - at scala.tools.nsc.ast.parser.Parsers$Parser$$anonfun$templateStatSeq$1$$anonfun$apply$5.apply(Parsers.scala:2997)
2013-07-14 22:25:32,731 ERROR [Scala Presentation Compiler [LearnScala]] - System.err - at scala.tools.nsc.ast.parser.Parsers$Parser.joinComment(Parsers.scala:683)
2013-07-14 22:25:32,731 ERROR [Scala Presentation Compiler [LearnScala]] - System.err - at scala.tools.nsc.ast.parser.Parsers$Parser$$anonfun$templateStatSeq$1.apply(Parsers.scala:2997)
2013-07-14 22:25:32,731 ERROR [Scala Presentation Compiler [LearnScala]] - System.err - at scala.tools.nsc.ast.parser.Parsers$Parser$$anonfun$templateStatSeq$1.apply(Parsers.scala:2966)
2013-07-14 22:25:32,731 ERROR [Scala Presentation Compiler [LearnScala]] - System.err - at scala.tools.nsc.ast.parser.Parsers$Parser.checkNoEscapingPlaceholders(Parsers.scala:428)
2013-07-14 22:25:32,731 ERROR [Scala Presentation Compiler [LearnScala]] - System.err - at scala.tools.nsc.ast.parser.Parsers$Parser.templateStatSeq(Parsers.scala:2966)
2013-07-14 22:25:32,731 ERROR [Scala Presentation Compiler [LearnScala]] - System.err - at scala.tools.nsc.ast.parser.Parsers$Parser.templateBody(Parsers.scala:2846)
2013-07-14 22:25:32,732 ERROR [Scala Presentation Compiler [LearnScala]] - System.err - at scala.tools.nsc.ast.parser.Parsers$Parser.templateBodyOpt(Parsers.scala:2853)
2013-07-14 22:25:32,732 ERROR [Scala Presentation Compiler [LearnScala]] - System.err - at scala.tools.nsc.ast.parser.Parsers$Parser.templateOpt(Parsers.scala:2812)
2013-07-14 22:25:32,732 ERROR [Scala Presentation Compiler [LearnScala]] - System.err - at scala.tools.nsc.ast.parser.Parsers$Parser.objectDef(Parsers.scala:2732)
2013-07-14 22:25:32,732 ERROR [Scala Presentation Compiler [LearnScala]] - System.err - at scala.tools.nsc.ast.parser.Parsers$Parser.tmplDef(Parsers.scala:2670)
2013-07-14 22:25:32,732 ERROR [Scala Presentation Compiler [LearnScala]] - System.err - at scala.tools.nsc.ast.parser.Parsers$Parser.topLevelTmplDef(Parsers.scala:2651)
2013-07-14 22:25:32,732 ERROR [Scala Presentation Compiler [LearnScala]] - System.err - at scala.tools.nsc.ast.parser.Parsers$Parser$$anonfun$topStatSeq$2.apply(Parsers.scala:2937)
2013-07-14 22:25:32,732 ERROR [Scala Presentation Compiler [LearnScala]] - System.err - at scala.tools.nsc.ast.parser.Parsers$Parser$$anonfun$topStatSeq$2.apply(Parsers.scala:2937)
2013-07-14 22:25:32,732 ERROR [Scala Presentation Compiler [LearnScala]] - System.err - at scala.tools.nsc.ast.parser.Parsers$Parser.joinComment(Parsers.scala:683)
2013-07-14 22:25:32,732 ERROR [Scala Presentation Compiler [LearnScala]] - System.err - at scala.tools.nsc.ast.parser.Parsers$Parser.topStatSeq(Parsers.scala:2937)
2013-07-14 22:25:32,732 ERROR [Scala Presentation Compiler [LearnScala]] - System.err - at scala.tools.nsc.ast.parser.Parsers$Parser$$anonfun$compilationUnit$1.topstats$1(Parsers.scala:3132)
2013-07-14 22:25:32,732 ERROR [Scala Presentation Compiler [LearnScala]] - System.err - at scala.tools.nsc.ast.parser.Parsers$Parser$$anonfun$compilationUnit$1.topstats$1(Parsers.scala:3124)
2013-07-14 22:25:32,732 ERROR [Scala Presentation Compiler [LearnScala]] - System.err - at scala.tools.nsc.ast.parser.Parsers$Parser$$anonfun$compilationUnit$1.apply(Parsers.scala:3138)
2013-07-14 22:25:32,732 ERROR [Scala Presentation Compiler [LearnScala]] - System.err - at scala.tools.nsc.ast.parser.Parsers$Parser$$anonfun$compilationUnit$1.apply(Parsers.scala:3102)
2013-07-14 22:25:32,732 ERROR [Scala Presentation Compiler [LearnScala]] - System.err - at scala.tools.nsc.ast.parser.Parsers$Parser.checkNoEscapingPlaceholders(Parsers.scala:428)
2013-07-14 22:25:32,732 ERROR [Scala Presentation Compiler [LearnScala]] - System.err - at scala.tools.nsc.ast.parser.Parsers$Parser.compilationUnit(Parsers.scala:3102)
2013-07-14 22:25:32,732 ERROR [Scala Presentation Compiler [LearnScala]] - System.err - at scala.tools.nsc.ast.parser.Parsers$SourceFileParser$$anonfun$parseStartRule$1.apply(Parsers.scala:141)
2013-07-14 22:25:32,733 ERROR [Scala Presentation Compiler [LearnScala]] - System.err - at scala.tools.nsc.ast.parser.Parsers$SourceFileParser$$anonfun$parseStartRule$1.apply(Parsers.scala:141)
2013-07-14 22:25:32,733 ERROR [Scala Presentation Compiler [LearnScala]] - System.err - at scala.tools.nsc.ast.parser.Parsers$Parser.parse(Parsers.scala:313)
2013-07-14 22:25:32,733 ERROR [Scala Presentation Compiler [LearnScala]] - System.err - at scala.tools.nsc.ast.parser.Parsers$UnitParser.smartParse(Parsers.scala:242)
2013-07-14 22:25:32,733 ERROR [Scala Presentation Compiler [LearnScala]] - System.err - at scala.tools.nsc.ast.parser.SyntaxAnalyzer$ParserPhase.apply(SyntaxAnalyzer.scala:29)
2013-07-14 22:25:32,733 ERROR [Scala Presentation Compiler [LearnScala]] - System.err - at scala.tools.nsc.Global$GlobalPhase.applyPhase(Global.scala:463)
2013-07-14 22:25:32,733 ERROR [Scala Presentation Compiler [LearnScala]] - System.err - at scala.tools.nsc.Global$Run$$anonfun$compileLate$2$$anonfun$apply$1.apply(Global.scala:1682)
2013-07-14 22:25:32,733 ERROR [Scala Presentation Compiler [LearnScala]] - System.err - at scala.tools.nsc.Global$Run$$anonfun$compileLate$2$$anonfun$apply$1.apply(Global.scala:1682)
2013-07-14 22:25:32,733 ERROR [Scala Presentation Compiler [LearnScala]] - System.err - at scala.reflect.internal.SymbolTable.atPhase(SymbolTable.scala:207)
2013-07-14 22:25:32,733 ERROR [Scala Presentation Compiler [LearnScala]] - System.err - at scala.tools.nsc.Global$Run$$anonfun$compileLate$2.apply(Global.scala:1682)
2013-07-14 22:25:32,733 ERROR [Scala Presentation Compiler [LearnScala]] - System.err - at scala.tools.nsc.Global$Run$$anonfun$compileLate$2.apply(Global.scala:1681)
2013-07-14 22:25:32,733 ERROR [Scala Presentation Compiler [LearnScala]] - System.err - at scala.collection.Iterator$class.foreach(Iterator.scala:727)
2013-07-14 22:25:32,733 ERROR [Scala Presentation Compiler [LearnScala]] - System.err - at scala.collection.AbstractIterator.foreach(Iterator.scala:1157)
2013-07-14 22:25:32,733 ERROR [Scala Presentation Compiler [LearnScala]] - System.err - at scala.tools.nsc.Global$Run.compileLate(Global.scala:1681)
2013-07-14 22:25:32,733 ERROR [Scala Presentation Compiler [LearnScala]] - System.err - at scala.tools.nsc.interactive.Global.scala$tools$nsc$interactive$Global$$parseAndEnter(Global.scala:574)
2013-07-14 22:25:32,733 ERROR [Scala Presentation Compiler [LearnScala]] - System.err - at scala.tools.nsc.interactive.Global.backgroundCompile(Global.scala:481)
2013-07-14 22:25:32,734 ERROR [Scala Presentation Compiler [LearnScala]] - System.err - at scala.tools.nsc.interactive.PresentationCompilerThread.run(PresentationCompilerThread.scala:25)
2013-07-14 22:25:32,734 ERROR [org.eclipse.jdt.internal.ui.text.JavaReconciler] - ImplicitHighlightingPresenter - scala.tools.nsc.interactive.MissingResponse: response missing
2013-07-14 22:25:32,737 ERROR [Scala Presentation Compiler [LearnScala]] - System.err - java.lang.UnsupportedOperationException: Position.point on class scala.reflect.internal.util.NoPosition$
2013-07-14 22:25:32,737 ERROR [Scala Presentation Compiler [LearnScala]] - System.err - at scala.reflect.internal.util.Position.point(Position.scala:120)
2013-07-14 22:25:32,737 ERROR [Scala Presentation Compiler [LearnScala]] - System.err - at scala.reflect.internal.util.Position.endOrPoint(Position.scala:129)
2013-07-14 22:25:32,737 ERROR [Scala Presentation Compiler [LearnScala]] - System.err - at scala.tools.nsc.ast.parser.TreeBuilder.makeWhile(TreeBuilder.scala:255)
2013-07-14 22:25:32,737 ERROR [Scala Presentation Compiler [LearnScala]] - System.err - at scala.tools.nsc.ast.parser.Parsers$Parser.parseWhile$1(Parsers.scala:1339)
2013-07-14 22:25:32,737 ERROR [Scala Presentation Compiler [LearnScala]] - System.err - at scala.tools.nsc.ast.parser.Parsers$Parser.expr0(Parsers.scala:1342)
2013-07-14 22:25:32,737 ERROR [Scala Presentation Compiler [LearnScala]] - System.err - at scala.tools.nsc.ast.parser.Parsers$Parser.expr(Parsers.scala:1285)
2013-07-14 22:25:32,737 ERROR [Scala Presentation Compiler [LearnScala]] - System.err - at scala.tools.nsc.ast.parser.Parsers$Parser.statement(Parsers.scala:1255)
2013-07-14 22:25:32,737 ERROR [Scala Presentation Compiler [LearnScala]] - System.err - at scala.tools.nsc.ast.parser.Parsers$Parser$$anonfun$blockStatSeq$1.apply(Parsers.scala:3074)
2013-07-14 22:25:32,737 ERROR [Scala Presentation Compiler [LearnScala]] - System.err - at scala.tools.nsc.ast.parser.Parsers$Parser$$anonfun$blockStatSeq$1.apply(Parsers.scala:3066)
2013-07-14 22:25:32,737 ERROR [Scala Presentation Compiler [LearnScala]] - System.err - at scala.tools.nsc.ast.parser.Parsers$Parser.checkNoEscapingPlaceholders(Parsers.scala:428)
2013-07-14 22:25:32,737 ERROR [Scala Presentation Compiler [LearnScala]] - System.err - at scala.tools.nsc.ast.parser.Parsers$Parser.blockStatSeq(Parsers.scala:3066)
2013-07-14 22:25:32,738 ERROR [Scala Presentation Compiler [LearnScala]] - System.err - at scala.tools.nsc.ast.parser.Parsers$Parser.block(Parsers.scala:1654)
2013-07-14 22:25:32,738 ERROR [Scala Presentation Compiler [LearnScala]] - System.err - at scala.tools.nsc.ast.parser.Parsers$Parser.blockExpr(Parsers.scala:1643)
2013-07-14 22:25:32,738 ERROR [Scala Presentation Compiler [LearnScala]] - System.err - at scala.tools.nsc.ast.parser.Parsers$Parser.funDefRest(Parsers.scala:2560)
2013-07-14 22:25:32,738 ERROR [Scala Presentation Compiler [LearnScala]] - System.err - at scala.tools.nsc.ast.parser.Parsers$Parser.funDefOrDcl(Parsers.scala:2538)
2013-07-14 22:25:32,738 ERROR [Scala Presentation Compiler [LearnScala]] - System.err - at scala.tools.nsc.ast.parser.Parsers$Parser.defOrDcl(Parsers.scala:2421)
2013-07-14 22:25:32,738 ERROR [Scala Presentation Compiler [LearnScala]] - System.err - at scala.tools.nsc.ast.parser.Parsers$Parser.nonLocalDefOrDcl(Parsers.scala:2433)
2013-07-14 22:25:32,738 ERROR [Scala Presentation Compiler [LearnScala]] - System.err - at scala.tools.nsc.ast.parser.Parsers$Parser$$anonfun$templateStatSeq$1$$anonfun$apply$5.apply(Parsers.scala:2997)
2013-07-14 22:25:32,738 ERROR [Scala Presentation Compiler [LearnScala]] - System.err - at scala.tools.nsc.ast.parser.Parsers$Parser$$anonfun$templateStatSeq$1$$anonfun$apply$5.apply(Parsers.scala:2997)
2013-07-14 22:25:32,738 ERROR [Scala Presentation Compiler [LearnScala]] - System.err - at scala.tools.nsc.ast.parser.Parsers$Parser.joinComment(Parsers.scala:683)
2013-07-14 22:25:32,738 ERROR [Scala Presentation Compiler [LearnScala]] - System.err - at scala.tools.nsc.ast.parser.Parsers$Parser$$anonfun$templateStatSeq$1.apply(Parsers.scala:2997)
2013-07-14 22:25:32,738 ERROR [Scala Presentation Compiler [LearnScala]] - System.err - at scala.tools.nsc.ast.parser.Parsers$Parser$$anonfun$templateStatSeq$1.apply(Parsers.scala:2966)
2013-07-14 22:25:32,738 ERROR [Scala Presentation Compiler [LearnScala]] - System.err - at scala.tools.nsc.ast.parser.Parsers$Parser.checkNoEscapingPlaceholders(Parsers.scala:428)
2013-07-14 22:25:32,738 ERROR [Scala Presentation Compiler [LearnScala]] - System.err - at scala.tools.nsc.ast.parser.Parsers$Parser.templateStatSeq(Parsers.scala:2966)
2013-07-14 22:25:32,738 ERROR [Scala Presentation Compiler [LearnScala]] - System.err - at scala.tools.nsc.ast.parser.Parsers$Parser.templateBody(Parsers.scala:2846)
2013-07-14 22:25:32,738 ERROR [Scala Presentation Compiler [LearnScala]] - System.err - at scala.tools.nsc.ast.parser.Parsers$Parser.templateBodyOpt(Parsers.scala:2853)
2013-07-14 22:25:32,738 ERROR [Scala Presentation Compiler [LearnScala]] - System.err - at scala.tools.nsc.ast.parser.Parsers$Parser.templateOpt(Parsers.scala:2812)
2013-07-14 22:25:32,738 ERROR [Scala Presentation Compiler [LearnScala]] - System.err - at scala.tools.nsc.ast.parser.Parsers$Parser.objectDef(Parsers.scala:2732)
2013-07-14 22:25:32,738 ERROR [Scala Presentation Compiler [LearnScala]] - System.err - at scala.tools.nsc.ast.parser.Parsers$Parser.tmplDef(Parsers.scala:2670)
2013-07-14 22:25:32,739 ERROR [Scala Presentation Compiler [LearnScala]] - System.err - at scala.tools.nsc.ast.parser.Parsers$Parser.topLevelTmplDef(Parsers.scala:2651)
2013-07-14 22:25:32,739 ERROR [Scala Presentation Compiler [LearnScala]] - System.err - at scala.tools.nsc.ast.parser.Parsers$Parser$$anonfun$topStatSeq$2.apply(Parsers.scala:2937)
2013-07-14 22:25:32,739 ERROR [Scala Presentation Compiler [LearnScala]] - System.err - at scala.tools.nsc.ast.parser.Parsers$Parser$$anonfun$topStatSeq$2.apply(Parsers.scala:2937)
2013-07-14 22:25:32,739 ERROR [Scala Presentation Compiler [LearnScala]] - System.err - at scala.tools.nsc.ast.parser.Parsers$Parser.joinComment(Parsers.scala:683)
2013-07-14 22:25:32,739 ERROR [Scala Presentation Compiler [LearnScala]] - System.err - at scala.tools.nsc.ast.parser.Parsers$Parser.topStatSeq(Parsers.scala:2937)
2013-07-14 22:25:32,739 ERROR [Scala Presentation Compiler [LearnScala]] - System.err - at scala.tools.nsc.ast.parser.Parsers$Parser$$anonfun$compilationUnit$1.topstats$1(Parsers.scala:3132)
2013-07-14 22:25:32,739 ERROR [Scala Presentation Compiler [LearnScala]] - System.err - at scala.tools.nsc.ast.parser.Parsers$Parser$$anonfun$compilationUnit$1.topstats$1(Parsers.scala:3124)
2013-07-14 22:25:32,739 ERROR [Scala Presentation Compiler [LearnScala]] - System.err - at scala.tools.nsc.ast.parser.Parsers$Parser$$anonfun$compilationUnit$1.apply(Parsers.scala:3138)
2013-07-14 22:25:32,739 ERROR [Scala Presentation Compiler [LearnScala]] - System.err - at scala.tools.nsc.ast.parser.Parsers$Parser$$anonfun$compilationUnit$1.apply(Parsers.scala:3102)
2013-07-14 22:25:32,739 ERROR [Scala Presentation Compiler [LearnScala]] - System.err - at scala.tools.nsc.ast.parser.Parsers$Parser.checkNoEscapingPlaceholders(Parsers.scala:428)
2013-07-14 22:25:32,739 ERROR [Scala Presentation Compiler [LearnScala]] - System.err - at scala.tools.nsc.ast.parser.Parsers$Parser.compilationUnit(Parsers.scala:3102)
2013-07-14 22:25:32,739 ERROR [Scala Presentation Compiler [LearnScala]] - System.err - at scala.tools.nsc.ast.parser.Parsers$SourceFileParser$$anonfun$parseStartRule$1.apply(Parsers.scala:141)
2013-07-14 22:25:32,739 ERROR [Scala Presentation Compiler [LearnScala]] - System.err - at scala.tools.nsc.ast.parser.Parsers$SourceFileParser$$anonfun$parseStartRule$1.apply(Parsers.scala:141)
2013-07-14 22:25:32,739 ERROR [Scala Presentation Compiler [LearnScala]] - System.err - at scala.tools.nsc.ast.parser.Parsers$Parser.parse(Parsers.scala:313)
2013-07-14 22:25:32,739 ERROR [Scala Presentation Compiler [LearnScala]] - System.err - at scala.tools.nsc.ast.parser.Parsers$UnitParser.smartParse(Parsers.scala:242)
2013-07-14 22:25:32,739 ERROR [Scala Presentation Compiler [LearnScala]] - System.err - at scala.tools.nsc.ast.parser.SyntaxAnalyzer$ParserPhase.apply(SyntaxAnalyzer.scala:29)
2013-07-14 22:25:32,739 ERROR [Scala Presentation Compiler [LearnScala]] - System.err - at scala.tools.nsc.Global$GlobalPhase.applyPhase(Global.scala:463)
2013-07-14 22:25:32,739 ERROR [Scala Presentation Compiler [LearnScala]] - System.err - at scala.tools.nsc.Global$Run$$anonfun$compileLate$2$$anonfun$apply$1.apply(Global.scala:1682)
2013-07-14 22:25:32,739 ERROR [Scala Presentation Compiler [LearnScala]] - System.err - at scala.tools.nsc.Global$Run$$anonfun$compileLate$2$$anonfun$apply$1.apply(Global.scala:1682)
2013-07-14 22:25:32,739 ERROR [Scala Presentation Compiler [LearnScala]] - System.err - at scala.reflect.internal.SymbolTable.atPhase(SymbolTable.scala:207)
2013-07-14 22:25:32,739 ERROR [Scala Presentation Compiler [LearnScala]] - System.err - at scala.tools.nsc.Global$Run$$anonfun$compileLate$2.apply(Global.scala:1682)
2013-07-14 22:25:32,740 ERROR [Scala Presentation Compiler [LearnScala]] - System.err - at scala.tools.nsc.Global$Run$$anonfun$compileLate$2.apply(Global.scala:1681)
2013-07-14 22:25:32,740 ERROR [Scala Presentation Compiler [LearnScala]] - System.err - at scala.collection.Iterator$class.foreach(Iterator.scala:727)
2013-07-14 22:25:32,740 ERROR [Scala Presentation Compiler [LearnScala]] - System.err - at scala.collection.AbstractIterator.foreach(Iterator.scala:1157)
2013-07-14 22:25:32,740 ERROR [Scala Presentation Compiler [LearnScala]] - System.err - at scala.tools.nsc.Global$Run.compileLate(Global.scala:1681)
2013-07-14 22:25:32,740 ERROR [Scala Presentation Compiler [LearnScala]] - System.err - at scala.tools.nsc.interactive.Global.scala$tools$nsc$interactive$Global$$parseAndEnter(Global.scala:574)
2013-07-14 22:25:32,740 ERROR [Scala Presentation Compiler [LearnScala]] - System.err - at scala.tools.nsc.interactive.Global.backgroundCompile(Global.scala:481)
2013-07-14 22:25:32,740 ERROR [Scala Presentation Compiler [LearnScala]] - System.err - at scala.tools.nsc.interactive.PresentationCompilerThread.run(PresentationCompilerThread.scala:25)
2013-07-14 22:25:32,741 ERROR [Scala Presentation Compiler [LearnScala]] - System.err - java.lang.UnsupportedOperationException: Position.point on class scala.reflect.internal.util.NoPosition$
2013-07-14 22:25:32,741 ERROR [Scala Presentation Compiler [LearnScala]] - System.err - at scala.reflect.internal.util.Position.point(Position.scala:120)
2013-07-14 22:25:32,741 ERROR [Scala Presentation Compiler [LearnScala]] - System.err - at scala.reflect.internal.util.Position.endOrPoint(Position.scala:129)
2013-07-14 22:25:32,741 ERROR [Scala Presentation Compiler [LearnScala]] - System.err - at scala.tools.nsc.ast.parser.TreeBuilder.makeWhile(TreeBuilder.scala:255)
2013-07-14 22:25:32,741 ERROR [Scala Presentation Compiler [LearnScala]] - System.err - at scala.tools.nsc.ast.parser.Parsers$Parser.parseWhile$1(Parsers.scala:1339)
2013-07-14 22:25:32,742 ERROR [Scala Presentation Compiler [LearnScala]] - System.err - at scala.tools.nsc.ast.parser.Parsers$Parser.expr0(Parsers.scala:1342)
2013-07-14 22:25:32,742 ERROR [Scala Presentation Compiler [LearnScala]] - System.err - at scala.tools.nsc.ast.parser.Parsers$Parser.expr(Parsers.scala:1285)
2013-07-14 22:25:32,742 ERROR [Scala Presentation Compiler [LearnScala]] - System.err - at scala.tools.nsc.ast.parser.Parsers$Parser.statement(Parsers.scala:1255)
2013-07-14 22:25:32,742 ERROR [Scala Presentation Compiler [LearnScala]] - System.err - at scala.tools.nsc.ast.parser.Parsers$Parser$$anonfun$blockStatSeq$1.apply(Parsers.scala:3074)
2013-07-14 22:25:32,742 ERROR [Scala Presentation Compiler [LearnScala]] - System.err - at scala.tools.nsc.ast.parser.Parsers$Parser$$anonfun$blockStatSeq$1.apply(Parsers.scala:3066)
2013-07-14 22:25:32,742 ERROR [Scala Presentation Compiler [LearnScala]] - System.err - at scala.tools.nsc.ast.parser.Parsers$Parser.checkNoEscapingPlaceholders(Parsers.scala:428)
2013-07-14 22:25:32,742 ERROR [Scala Presentation Compiler [LearnScala]] - System.err - at scala.tools.nsc.ast.parser.Parsers$Parser.blockStatSeq(Parsers.scala:3066)
2013-07-14 22:25:32,742 ERROR [Scala Presentation Compiler [LearnScala]] - System.err - at scala.tools.nsc.ast.parser.Parsers$Parser.block(Parsers.scala:1654)
2013-07-14 22:25:32,742 ERROR [Scala Presentation Compiler [LearnScala]] - System.err - at scala.tools.nsc.ast.parser.Parsers$Parser.blockExpr(Parsers.scala:1643)
2013-07-14 22:25:32,742 ERROR [Scala Presentation Compiler [LearnScala]] - System.err - at scala.tools.nsc.ast.parser.Parsers$Parser.funDefRest(Parsers.scala:2560)
2013-07-14 22:25:32,742 ERROR [Scala Presentation Compiler [LearnScala]] - System.err - at scala.tools.nsc.ast.parser.Parsers$Parser.funDefOrDcl(Parsers.scala:2538)
2013-07-14 22:25:32,742 ERROR [Scala Presentation Compiler [LearnScala]] - System.err - at scala.tools.nsc.ast.parser.Parsers$Parser.defOrDcl(Parsers.scala:2421)
2013-07-14 22:25:32,742 ERROR [Scala Presentation Compiler [LearnScala]] - System.err - at scala.tools.nsc.ast.parser.Parsers$Parser.nonLocalDefOrDcl(Parsers.scala:2433)
2013-07-14 22:25:32,742 ERROR [Scala Presentation Compiler [LearnScala]] - System.err - at scala.tools.nsc.ast.parser.Parsers$Parser$$anonfun$templateStatSeq$1$$anonfun$apply$5.apply(Parsers.scala:2997)
2013-07-14 22:25:32,742 ERROR [Scala Presentation Compiler [LearnScala]] - System.err - at scala.tools.nsc.ast.parser.Parsers$Parser$$anonfun$templateStatSeq$1$$anonfun$apply$5.apply(Parsers.scala:2997)
2013-07-14 22:25:32,742 ERROR [Scala Presentation Compiler [LearnScala]] - System.err - at scala.tools.nsc.ast.parser.Parsers$Parser.joinComment(Parsers.scala:683)
2013-07-14 22:25:32,742 ERROR [Scala Presentation Compiler [LearnScala]] - System.err - at scala.tools.nsc.ast.parser.Parsers$Parser$$anonfun$templateStatSeq$1.apply(Parsers.scala:2997)
2013-07-14 22:25:32,742 ERROR [Scala Presentation Compiler [LearnScala]] - System.err - at scala.tools.nsc.ast.parser.Parsers$Parser$$anonfun$templateStatSeq$1.apply(Parsers.scala:2966)
2013-07-14 22:25:32,742 ERROR [Scala Presentation Compiler [LearnScala]] - System.err - at scala.tools.nsc.ast.parser.Parsers$Parser.checkNoEscapingPlaceholders(Parsers.scala:428)
2013-07-14 22:25:32,742 ERROR [Scala Presentation Compiler [LearnScala]] - System.err - at scala.tools.nsc.ast.parser.Parsers$Parser.templateStatSeq(Parsers.scala:2966)
2013-07-14 22:25:32,742 ERROR [Scala Presentation Compiler [LearnScala]] - System.err - at scala.tools.nsc.ast.parser.Parsers$Parser.templateBody(Parsers.scala:2846)
2013-07-14 22:25:32,743 ERROR [Scala Presentation Compiler [LearnScala]] - System.err - at scala.tools.nsc.ast.parser.Parsers$Parser.templateBodyOpt(Parsers.scala:2853)
2013-07-14 22:25:32,743 ERROR [Scala Presentation Compiler [LearnScala]] - System.err - at scala.tools.nsc.ast.parser.Parsers$Parser.templateOpt(Parsers.scala:2812)
2013-07-14 22:25:32,743 ERROR [Scala Presentation Compiler [LearnScala]] - System.err - at scala.tools.nsc.ast.parser.Parsers$Parser.objectDef(Parsers.scala:2732)
2013-07-14 22:25:32,743 ERROR [Scala Presentation Compiler [LearnScala]] - System.err - at scala.tools.nsc.ast.parser.Parsers$Parser.tmplDef(Parsers.scala:2670)
2013-07-14 22:25:32,743 ERROR [Scala Presentation Compiler [LearnScala]] - System.err - at scala.tools.nsc.ast.parser.Parsers$Parser.topLevelTmplDef(Parsers.scala:2651)
2013-07-14 22:25:32,743 ERROR [Scala Presentation Compiler [LearnScala]] - System.err - at scala.tools.nsc.ast.parser.Parsers$Parser$$anonfun$topStatSeq$2.apply(Parsers.scala:2937)
2013-07-14 22:25:32,743 ERROR [Scala Presentation Compiler [LearnScala]] - System.err - at scala.tools.nsc.ast.parser.Parsers$Parser$$anonfun$topStatSeq$2.apply(Parsers.scala:2937)
2013-07-14 22:25:32,743 ERROR [Scala Presentation Compiler [LearnScala]] - System.err - at scala.tools.nsc.ast.parser.Parsers$Parser.joinComment(Parsers.scala:683)
2013-07-14 22:25:32,743 ERROR [Scala Presentation Compiler [LearnScala]] - System.err - at scala.tools.nsc.ast.parser.Parsers$Parser.topStatSeq(Parsers.scala:2937)
2013-07-14 22:25:32,743 ERROR [Scala Presentation Compiler [LearnScala]] - System.err - at scala.tools.nsc.ast.parser.Parsers$Parser$$anonfun$compilationUnit$1.topstats$1(Parsers.scala:3132)
2013-07-14 22:25:32,743 ERROR [Scala Presentation Compiler [LearnScala]] - System.err - at scala.tools.nsc.ast.parser.Parsers$Parser$$anonfun$compilationUnit$1.topstats$1(Parsers.scala:3124)
2013-07-14 22:25:32,743 ERROR [Scala Presentation Compiler [LearnScala]] - System.err - at scala.tools.nsc.ast.parser.Parsers$Parser$$anonfun$compilationUnit$1.apply(Parsers.scala:3138)
2013-07-14 22:25:32,743 ERROR [Scala Presentation Compiler [LearnScala]] - System.err - at scala.tools.nsc.ast.parser.Parsers$Parser$$anonfun$compilationUnit$1.apply(Parsers.scala:3102)
2013-07-14 22:25:32,743 ERROR [Scala Presentation Compiler [LearnScala]] - System.err - at scala.tools.nsc.ast.parser.Parsers$Parser.checkNoEscapingPlaceholders(Parsers.scala:428)
2013-07-14 22:25:32,743 ERROR [Scala Presentation Compiler [LearnScala]] - System.err - at scala.tools.nsc.ast.parser.Parsers$Parser.compilationUnit(Parsers.scala:3102)
2013-07-14 22:25:32,743 ERROR [Scala Presentation Compiler [LearnScala]] - System.err - at scala.tools.nsc.ast.parser.Parsers$SourceFileParser$$anonfun$parseStartRule$1.apply(Parsers.scala:141)
2013-07-14 22:25:32,743 ERROR [Scala Presentation Compiler [LearnScala]] - System.err - at scala.tools.nsc.ast.parser.Parsers$SourceFileParser$$anonfun$parseStartRule$1.apply(Parsers.scala:141)
2013-07-14 22:25:32,743 ERROR [Scala Presentation Compiler [LearnScala]] - System.err - at scala.tools.nsc.ast.parser.Parsers$Parser.parse(Parsers.scala:313)
2013-07-14 22:25:32,743 ERROR [Scala Presentation Compiler [LearnScala]] - System.err - at scala.tools.nsc.ast.parser.Parsers$UnitParser.smartParse(Parsers.scala:242)
2013-07-14 22:25:32,743 ERROR [Scala Presentation Compiler [LearnScala]] - System.err - at scala.tools.nsc.ast.parser.SyntaxAnalyzer$ParserPhase.apply(SyntaxAnalyzer.scala:29)
2013-07-14 22:25:32,743 ERROR [Scala Presentation Compiler [LearnScala]] - System.err - at scala.tools.nsc.Global$GlobalPhase.applyPhase(Global.scala:463)
2013-07-14 22:25:32,743 ERROR [Scala Presentation Compiler [LearnScala]] - System.err - at scala.tools.nsc.Global$Run$$anonfun$compileLate$2$$anonfun$apply$1.apply(Global.scala:1682)
2013-07-14 22:25:32,743 ERROR [Scala Presentation Compiler [LearnScala]] - System.err - at scala.tools.nsc.Global$Run$$anonfun$compileLate$2$$anonfun$apply$1.apply(Global.scala:1682)
2013-07-14 22:25:32,743 ERROR [Scala Presentation Compiler [LearnScala]] - System.err - at scala.reflect.internal.SymbolTable.atPhase(SymbolTable.scala:207)
2013-07-14 22:25:32,744 ERROR [Scala Presentation Compiler [LearnScala]] - System.err - at scala.tools.nsc.Global$Run$$anonfun$compileLate$2.apply(Global.scala:1682)
2013-07-14 22:25:32,744 ERROR [Scala Presentation Compiler [LearnScala]] - System.err - at scala.tools.nsc.Global$Run$$anonfun$compileLate$2.apply(Global.scala:1681)
2013-07-14 22:25:32,744 ERROR [Scala Presentation Compiler [LearnScala]] - System.err - at scala.collection.Iterator$class.foreach(Iterator.scala:727)
2013-07-14 22:25:32,744 ERROR [Scala Presentation Compiler [LearnScala]] - System.err - at scala.collection.AbstractIterator.foreach(Iterator.scala:1157)
2013-07-14 22:25:32,744 ERROR [Scala Presentation Compiler [LearnScala]] - System.err - at scala.tools.nsc.Global$Run.compileLate(Global.scala:1681)
2013-07-14 22:25:32,744 ERROR [Scala Presentation Compiler [LearnScala]] - System.err - at scala.tools.nsc.interactive.Global.scala$tools$nsc$interactive$Global$$parseAndEnter(Global.scala:574)
2013-07-14 22:25:32,744 ERROR [Scala Presentation Compiler [LearnScala]] - System.err - at scala.tools.nsc.interactive.Global.backgroundCompile(Global.scala:481)
2013-07-14 22:25:32,744 ERROR [Scala Presentation Compiler [LearnScala]] - System.err - at scala.tools.nsc.interactive.PresentationCompilerThread.run(PresentationCompilerThread.scala:25)
